1718630924.768809 client started (84446): version 3.4, socket /private/tmp/tmux-501/default, protocol 8
1718630924.768935 on Darwin 23.3.0 Darwin Kernel Version 23.3.0: Wed Dec 20 21:33:31 PST 2023; root:xnu-10002.81.5~7/RELEASE_ARM64_T8112
1718630924.768956 using libevent 2.1.12-stable select
1718630924.769773 using utf8proc 2.9.0
1718630924.769803 using ncurses 6.5 20240427
1718630924.769838 flags are 0x18010000
1718630924.769848 socket is /private/tmp/tmux-501/default
1718630924.769869 trying connect
1718630924.769938 add peer 0x148048000: 6 (0x0)
1718630924.775552 sending message 100 to peer 0x148048000 (4 bytes)
1718630924.775567 sending message 111 to peer 0x148048000 (8 bytes)
1718630924.775575 sending message 101 to peer 0x148048000 (15 bytes)
1718630924.775582 sending message 109 to peer 0x148048000 (4 bytes)
1718630924.775588 sending message 102 to peer 0x148048000 (13 bytes)
1718630924.775595 sending message 108 to peer 0x148048000 (34 bytes)
1718630924.775601 sending message 112 to peer 0x148048000 (58 bytes)
1718630924.775607 sending message 112 to peer 0x148048000 (5 bytes)
1718630924.775613 sending message 112 to peer 0x148048000 (5 bytes)
1718630924.775620 sending message 112 to peer 0x148048000 (6 bytes)
1718630924.775626 sending message 112 to peer 0x148048000 (6 bytes)
1718630924.775632 sending message 112 to peer 0x148048000 (11 bytes)
1718630924.775638 sending message 112 to peer 0x148048000 (10 bytes)
1718630924.775644 sending message 112 to peer 0x148048000 (13 bytes)
1718630924.775650 sending message 112 to peer 0x148048000 (14 bytes)
1718630924.775656 sending message 112 to peer 0x148048000 (19 bytes)
1718630924.775662 sending message 112 to peer 0x148048000 (11 bytes)
1718630924.775668 sending message 112 to peer 0x148048000 (10 bytes)
1718630924.775674 sending message 112 to peer 0x148048000 (15 bytes)
1718630924.775680 sending message 112 to peer 0x148048000 (21 bytes)
1718630924.775686 sending message 112 to peer 0x148048000 (13 bytes)
1718630924.775692 sending message 112 to peer 0x148048000 (7 bytes)
1718630924.775698 sending message 112 to peer 0x148048000 (13 bytes)
1718630924.775704 sending message 112 to peer 0x148048000 (7 bytes)
1718630924.775710 sending message 112 to peer 0x148048000 (13 bytes)
1718630924.775716 sending message 112 to peer 0x148048000 (9 bytes)
1718630924.775722 sending message 112 to peer 0x148048000 (21 bytes)
1718630924.775727 sending message 112 to peer 0x148048000 (13 bytes)
1718630924.775733 sending message 112 to peer 0x148048000 (9 bytes)
1718630924.775739 sending message 112 to peer 0x148048000 (16 bytes)
1718630924.775745 sending message 112 to peer 0x148048000 (13 bytes)
1718630924.775751 sending message 112 to peer 0x148048000 (9 bytes)
1718630924.775757 sending message 112 to peer 0x148048000 (9 bytes)
1718630924.775763 sending message 112 to peer 0x148048000 (12 bytes)
1718630924.775769 sending message 112 to peer 0x148048000 (8 bytes)
1718630924.775775 sending message 112 to peer 0x148048000 (8 bytes)
1718630924.775781 sending message 112 to peer 0x148048000 (13 bytes)
1718630924.775787 sending message 112 to peer 0x148048000 (7 bytes)
1718630924.775793 sending message 112 to peer 0x148048000 (7 bytes)
1718630924.775799 sending message 112 to peer 0x148048000 (9 bytes)
1718630924.775805 sending message 112 to peer 0x148048000 (9 bytes)
1718630924.775811 sending message 112 to peer 0x148048000 (15 bytes)
1718630924.775817 sending message 112 to peer 0x148048000 (13 bytes)
1718630924.775823 sending message 112 to peer 0x148048000 (12 bytes)
1718630924.775828 sending message 112 to peer 0x148048000 (8 bytes)
1718630924.775834 sending message 112 to peer 0x148048000 (14 bytes)
1718630924.775840 sending message 112 to peer 0x148048000 (11 bytes)
1718630924.775846 sending message 112 to peer 0x148048000 (9 bytes)
1718630924.775852 sending message 112 to peer 0x148048000 (10 bytes)
1718630924.775858 sending message 112 to peer 0x148048000 (10 bytes)
1718630924.775864 sending message 112 to peer 0x148048000 (10 bytes)
1718630924.775870 sending message 112 to peer 0x148048000 (10 bytes)
1718630924.775898 sending message 112 to peer 0x148048000 (11 bytes)
1718630924.775903 sending message 112 to peer 0x148048000 (12 bytes)
1718630924.775907 sending message 112 to peer 0x148048000 (12 bytes)
1718630924.775911 sending message 112 to peer 0x148048000 (12 bytes)
1718630924.775915 sending message 112 to peer 0x148048000 (12 bytes)
1718630924.775919 sending message 112 to peer 0x148048000 (12 bytes)
1718630924.775924 sending message 112 to peer 0x148048000 (11 bytes)
1718630924.775928 sending message 112 to peer 0x148048000 (11 bytes)
1718630924.775932 sending message 112 to peer 0x148048000 (12 bytes)
1718630924.775936 sending message 112 to peer 0x148048000 (12 bytes)
1718630924.775940 sending message 112 to peer 0x148048000 (12 bytes)
1718630924.775944 sending message 112 to peer 0x148048000 (12 bytes)
1718630924.775948 sending message 112 to peer 0x148048000 (12 bytes)
1718630924.775952 sending message 112 to peer 0x148048000 (9 bytes)
1718630924.775956 sending message 112 to peer 0x148048000 (12 bytes)
1718630924.775961 sending message 112 to peer 0x148048000 (13 bytes)
1718630924.775965 sending message 112 to peer 0x148048000 (13 bytes)
1718630924.775969 sending message 112 to peer 0x148048000 (13 bytes)
1718630924.775973 sending message 112 to peer 0x148048000 (13 bytes)
1718630924.775977 sending message 112 to peer 0x148048000 (13 bytes)
1718630924.775981 sending message 112 to peer 0x148048000 (8 bytes)
1718630924.775985 sending message 112 to peer 0x148048000 (11 bytes)
1718630924.775989 sending message 112 to peer 0x148048000 (11 bytes)
1718630924.775993 sending message 112 to peer 0x148048000 (11 bytes)
1718630924.775997 sending message 112 to peer 0x148048000 (12 bytes)
1718630924.776001 sending message 112 to peer 0x148048000 (12 bytes)
1718630924.776005 sending message 112 to peer 0x148048000 (12 bytes)
1718630924.776009 sending message 112 to peer 0x148048000 (12 bytes)
1718630924.776013 sending message 112 to peer 0x148048000 (13 bytes)
1718630924.776018 sending message 112 to peer 0x148048000 (13 bytes)
1718630924.776022 sending message 112 to peer 0x148048000 (13 bytes)
1718630924.776026 sending message 112 to peer 0x148048000 (8 bytes)
1718630924.776030 sending message 112 to peer 0x148048000 (13 bytes)
1718630924.776034 sending message 112 to peer 0x148048000 (13 bytes)
1718630924.776038 sending message 112 to peer 0x148048000 (13 bytes)
1718630924.776042 sending message 112 to peer 0x148048000 (13 bytes)
1718630924.776046 sending message 112 to peer 0x148048000 (13 bytes)
1718630924.776050 sending message 112 to peer 0x148048000 (12 bytes)
1718630924.776054 sending message 112 to peer 0x148048000 (12 bytes)
1718630924.776058 sending message 112 to peer 0x148048000 (12 bytes)
1718630924.776062 sending message 112 to peer 0x148048000 (12 bytes)
1718630924.776066 sending message 112 to peer 0x148048000 (13 bytes)
1718630924.776070 sending message 112 to peer 0x148048000 (8 bytes)
1718630924.776074 sending message 112 to peer 0x148048000 (13 bytes)
1718630924.776078 sending message 112 to peer 0x148048000 (13 bytes)
1718630924.776083 sending message 112 to peer 0x148048000 (13 bytes)
1718630924.776087 sending message 112 to peer 0x148048000 (13 bytes)
1718630924.776091 sending message 112 to peer 0x148048000 (13 bytes)
1718630924.776095 sending message 112 to peer 0x148048000 (13 bytes)
1718630924.776099 sending message 112 to peer 0x148048000 (13 bytes)
1718630924.776103 sending message 112 to peer 0x148048000 (12 bytes)
1718630924.776107 sending message 112 to peer 0x148048000 (12 bytes)
1718630924.776111 sending message 112 to peer 0x148048000 (12 bytes)
1718630924.776115 sending message 112 to peer 0x148048000 (8 bytes)
1718630924.776119 sending message 112 to peer 0x148048000 (12 bytes)
1718630924.776123 sending message 112 to peer 0x148048000 (13 bytes)
1718630924.776127 sending message 112 to peer 0x148048000 (13 bytes)
1718630924.776131 sending message 112 to peer 0x148048000 (13 bytes)
1718630924.776135 sending message 112 to peer 0x148048000 (13 bytes)
1718630924.776139 sending message 112 to peer 0x148048000 (13 bytes)
1718630924.776152 sending message 112 to peer 0x148048000 (13 bytes)
1718630924.776156 sending message 112 to peer 0x148048000 (13 bytes)
1718630924.776160 sending message 112 to peer 0x148048000 (13 bytes)
1718630924.776164 sending message 112 to peer 0x148048000 (12 bytes)
1718630924.776168 sending message 112 to peer 0x148048000 (10 bytes)
1718630924.776172 sending message 112 to peer 0x148048000 (12 bytes)
1718630924.776177 sending message 112 to peer 0x148048000 (12 bytes)
1718630924.776181 sending message 112 to peer 0x148048000 (12 bytes)
1718630924.776185 sending message 112 to peer 0x148048000 (13 bytes)
1718630924.776189 sending message 112 to peer 0x148048000 (13 bytes)
1718630924.776193 sending message 112 to peer 0x148048000 (13 bytes)
1718630924.776197 sending message 112 to peer 0x148048000 (13 bytes)
1718630924.776201 sending message 112 to peer 0x148048000 (13 bytes)
1718630924.776206 sending message 112 to peer 0x148048000 (13 bytes)
1718630924.776210 sending message 112 to peer 0x148048000 (13 bytes)
1718630924.776214 sending message 112 to peer 0x148048000 (10 bytes)
1718630924.776218 sending message 112 to peer 0x148048000 (13 bytes)
1718630924.776222 sending message 112 to peer 0x148048000 (12 bytes)
1718630924.776226 sending message 112 to peer 0x148048000 (12 bytes)
1718630924.776230 sending message 112 to peer 0x148048000 (12 bytes)
1718630924.776234 sending message 112 to peer 0x148048000 (10 bytes)
1718630924.776238 sending message 112 to peer 0x148048000 (10 bytes)
1718630924.776243 sending message 112 to peer 0x148048000 (10 bytes)
1718630924.776247 sending message 112 to peer 0x148048000 (12 bytes)
1718630924.776251 sending message 112 to peer 0x148048000 (13 bytes)
1718630924.776255 sending message 112 to peer 0x148048000 (13 bytes)
1718630924.776259 sending message 112 to peer 0x148048000 (13 bytes)
1718630924.776263 sending message 112 to peer 0x148048000 (13 bytes)
1718630924.776267 sending message 112 to peer 0x148048000 (13 bytes)
1718630924.776271 sending message 112 to peer 0x148048000 (10 bytes)
1718630924.776275 sending message 112 to peer 0x148048000 (11 bytes)
1718630924.776279 sending message 112 to peer 0x148048000 (12 bytes)
1718630924.776283 sending message 112 to peer 0x148048000 (12 bytes)
1718630924.776287 sending message 112 to peer 0x148048000 (12 bytes)
1718630924.776291 sending message 112 to peer 0x148048000 (12 bytes)
1718630924.776295 sending message 112 to peer 0x148048000 (12 bytes)
1718630924.776299 sending message 112 to peer 0x148048000 (11 bytes)
1718630924.776303 sending message 112 to peer 0x148048000 (12 bytes)
1718630924.776307 sending message 112 to peer 0x148048000 (12 bytes)
1718630924.776311 sending message 112 to peer 0x148048000 (13 bytes)
1718630924.776315 sending message 112 to peer 0x148048000 (13 bytes)
1718630924.776319 sending message 112 to peer 0x148048000 (13 bytes)
1718630924.776323 sending message 112 to peer 0x148048000 (13 bytes)
1718630924.776327 sending message 112 to peer 0x148048000 (13 bytes)
1718630924.776331 sending message 112 to peer 0x148048000 (10 bytes)
1718630924.776335 sending message 112 to peer 0x148048000 (9 bytes)
1718630924.776339 sending message 112 to peer 0x148048000 (12 bytes)
1718630924.776343 sending message 112 to peer 0x148048000 (13 bytes)
1718630924.776348 sending message 112 to peer 0x148048000 (13 bytes)
1718630924.776352 sending message 112 to peer 0x148048000 (13 bytes)
1718630924.776356 sending message 112 to peer 0x148048000 (13 bytes)
1718630924.776360 sending message 112 to peer 0x148048000 (13 bytes)
1718630924.776364 sending message 112 to peer 0x148048000 (9 bytes)
1718630924.776368 sending message 112 to peer 0x148048000 (12 bytes)
1718630924.776372 sending message 112 to peer 0x148048000 (13 bytes)
1718630924.776376 sending message 112 to peer 0x148048000 (13 bytes)
1718630924.776380 sending message 112 to peer 0x148048000 (13 bytes)
1718630924.776384 sending message 112 to peer 0x148048000 (13 bytes)
1718630924.776388 sending message 112 to peer 0x148048000 (13 bytes)
1718630924.776398 sending message 112 to peer 0x148048000 (11 bytes)
1718630924.776403 sending message 112 to peer 0x148048000 (12 bytes)
1718630924.776407 sending message 112 to peer 0x148048000 (13 bytes)
1718630924.776411 sending message 112 to peer 0x148048000 (13 bytes)
1718630924.776415 sending message 112 to peer 0x148048000 (13 bytes)
1718630924.776419 sending message 112 to peer 0x148048000 (13 bytes)
1718630924.776423 sending message 112 to peer 0x148048000 (13 bytes)
1718630924.776427 sending message 112 to peer 0x148048000 (11 bytes)
1718630924.776431 sending message 112 to peer 0x148048000 (12 bytes)
1718630924.776435 sending message 112 to peer 0x148048000 (12 bytes)
1718630924.776440 sending message 112 to peer 0x148048000 (12 bytes)
1718630924.776444 sending message 112 to peer 0x148048000 (12 bytes)
1718630924.776448 sending message 112 to peer 0x148048000 (12 bytes)
1718630924.776452 sending message 112 to peer 0x148048000 (21 bytes)
1718630924.776456 sending message 112 to peer 0x148048000 (12 bytes)
1718630924.776460 sending message 112 to peer 0x148048000 (9 bytes)
1718630924.776464 sending message 112 to peer 0x148048000 (6 bytes)
1718630924.776468 sending message 112 to peer 0x148048000 (13 bytes)
1718630924.776472 sending message 112 to peer 0x148048000 (10 bytes)
1718630924.776476 sending message 112 to peer 0x148048000 (24 bytes)
1718630924.776480 sending message 112 to peer 0x148048000 (13 bytes)
1718630924.776484 sending message 112 to peer 0x148048000 (9 bytes)
1718630924.776489 sending message 112 to peer 0x148048000 (70 bytes)
1718630924.776493 sending message 112 to peer 0x148048000 (69 bytes)
1718630924.776497 sending message 112 to peer 0x148048000 (12 bytes)
1718630924.776501 sending message 112 to peer 0x148048000 (10 bytes)
1718630924.776505 sending message 112 to peer 0x148048000 (10 bytes)
1718630924.776509 sending message 112 to peer 0x148048000 (24 bytes)
1718630924.776513 sending message 112 to peer 0x148048000 (13 bytes)
1718630924.776517 sending message 112 to peer 0x148048000 (10 bytes)
1718630924.776521 sending message 112 to peer 0x148048000 (10 bytes)
1718630924.776525 sending message 112 to peer 0x148048000 (10 bytes)
1718630924.776529 sending message 112 to peer 0x148048000 (13 bytes)
1718630924.776533 sending message 112 to peer 0x148048000 (15 bytes)
1718630924.776537 sending message 112 to peer 0x148048000 (5 bytes)
1718630924.776547 sending message 104 to peer 0x148048000 (0 bytes)
1718630924.776553 sending message 110 to peer 0x148048000 (0 bytes)
1718630924.776557 sending message 107 to peer 0x148048000 (4 bytes)
1718630924.776561 sending message 105 to peer 0x148048000 (28 bytes)
1718630924.776565 sending message 105 to peer 0x148048000 (15 bytes)
1718630924.776569 sending message 105 to peer 0x148048000 (20 bytes)
1718630924.776573 sending message 105 to peer 0x148048000 (57 bytes)
1718630924.776577 sending message 105 to peer 0x148048000 (25 bytes)
1718630924.776582 sending message 105 to peer 0x148048000 (53 bytes)
1718630924.776586 sending message 105 to peer 0x148048000 (15 bytes)
1718630924.776590 sending message 105 to peer 0x148048000 (66 bytes)
1718630924.776594 sending message 105 to peer 0x148048000 (799 bytes)
1718630924.776599 sending message 105 to peer 0x148048000 (54 bytes)
1718630924.776603 sending message 105 to peer 0x148048000 (40 bytes)
1718630924.776607 sending message 105 to peer 0x148048000 (38 bytes)
1718630924.776611 sending message 105 to peer 0x148048000 (14 bytes)
1718630924.776615 sending message 105 to peer 0x148048000 (19 bytes)
1718630924.776619 sending message 105 to peer 0x148048000 (8 bytes)
1718630924.776623 sending message 105 to peer 0x148048000 (22 bytes)
1718630924.776627 sending message 105 to peer 0x148048000 (18 bytes)
1718630924.776631 sending message 105 to peer 0x148048000 (24 bytes)
1718630924.776636 sending message 105 to peer 0x148048000 (34 bytes)
1718630924.776640 sending message 105 to peer 0x148048000 (30 bytes)
1718630924.776644 sending message 105 to peer 0x148048000 (37 bytes)
1718630924.776670 sending message 105 to peer 0x148048000 (34 bytes)
1718630924.776674 sending message 105 to peer 0x148048000 (34 bytes)
1718630924.776678 sending message 105 to peer 0x148048000 (35 bytes)
1718630924.776682 sending message 105 to peer 0x148048000 (34 bytes)
1718630924.776686 sending message 105 to peer 0x148048000 (17 bytes)
1718630924.776691 sending message 105 to peer 0x148048000 (25 bytes)
1718630924.776695 sending message 106 to peer 0x148048000 (0 bytes)
1718630924.776781 sending message 200 to peer 0x148048000 (4 bytes)
1718630924.776788 client loop enter
1718630924.785248 peer 0x148048000 message 207
1718630924.785272 sending message 208 to peer 0x148048000 (0 bytes)
1718630938.468301 client_signal: Window size changes: 28
1718630938.468361 sending message 208 to peer 0x148048000 (0 bytes)
1718630938.484526 client_signal: Window size changes: 28
1718630938.484551 sending message 208 to peer 0x148048000 (0 bytes)
1718630938.510225 client_signal: Window size changes: 28
1718630938.510246 sending message 208 to peer 0x148048000 (0 bytes)
1718630938.523771 client_signal: Window size changes: 28
1718630938.523785 sending message 208 to peer 0x148048000 (0 bytes)
1718630938.541750 client_signal: Window size changes: 28
1718630938.541766 sending message 208 to peer 0x148048000 (0 bytes)
1718630938.556019 client_signal: Window size changes: 28
1718630938.556047 sending message 208 to peer 0x148048000 (0 bytes)
1718630938.575514 client_signal: Window size changes: 28
1718630938.575540 sending message 208 to peer 0x148048000 (0 bytes)
1718630938.589292 client_signal: Window size changes: 28
1718630938.589330 sending message 208 to peer 0x148048000 (0 bytes)
1718630938.609395 client_signal: Window size changes: 28
1718630938.609419 sending message 208 to peer 0x148048000 (0 bytes)
1718630938.622306 client_signal: Window size changes: 28
1718630938.622322 sending message 208 to peer 0x148048000 (0 bytes)
1718630938.643954 client_signal: Window size changes: 28
1718630938.643982 sending message 208 to peer 0x148048000 (0 bytes)
1718630938.656813 client_signal: Window size changes: 28
1718630938.656851 sending message 208 to peer 0x148048000 (0 bytes)
1718630938.686664 client_signal: Window size changes: 28
1718630938.686703 sending message 208 to peer 0x148048000 (0 bytes)
1718630938.717690 client_signal: Window size changes: 28
1718630938.717709 sending message 208 to peer 0x148048000 (0 bytes)
1718630939.335948 client_signal: Window size changes: 28
1718630939.336077 sending message 208 to peer 0x148048000 (0 bytes)
1718630939.354809 client_signal: Window size changes: 28
1718630939.354852 sending message 208 to peer 0x148048000 (0 bytes)
1718630939.375668 client_signal: Window size changes: 28
1718630939.375682 sending message 208 to peer 0x148048000 (0 bytes)
1718630939.390008 client_signal: Window size changes: 28
1718630939.390041 sending message 208 to peer 0x148048000 (0 bytes)
1718630939.405213 client_signal: Window size changes: 28
1718630939.405223 sending message 208 to peer 0x148048000 (0 bytes)
1718630939.436988 client_signal: Window size changes: 28
1718630939.437009 sending message 208 to peer 0x148048000 (0 bytes)
1718630939.517933 client_signal: Window size changes: 28
1718630939.517959 sending message 208 to peer 0x148048000 (0 bytes)
1718630939.802769 client_signal: Window size changes: 28
1718630939.802894 sending message 208 to peer 0x148048000 (0 bytes)
1718630939.820952 client_signal: Window size changes: 28
1718630939.820972 sending message 208 to peer 0x148048000 (0 bytes)
1718630939.842143 client_signal: Window size changes: 28
1718630939.842202 sending message 208 to peer 0x148048000 (0 bytes)
1718630939.857082 client_signal: Window size changes: 28
1718630939.857111 sending message 208 to peer 0x148048000 (0 bytes)
1718630939.873338 client_signal: Window size changes: 28
1718630939.873396 sending message 208 to peer 0x148048000 (0 bytes)
1718630939.889584 client_signal: Window size changes: 28
1718630939.889612 sending message 208 to peer 0x148048000 (0 bytes)
1718630939.910048 client_signal: Window size changes: 28
1718630939.910120 sending message 208 to peer 0x148048000 (0 bytes)
1718630939.951277 client_signal: Window size changes: 28
1718630939.951299 sending message 208 to peer 0x148048000 (0 bytes)
1718646205.077376 client_signal: Hangup: 1
1718646205.077636 sending message 205 to peer 0x148048000 (0 bytes)
1718646205.080850 peer 0x148048000 message 204
1718646205.080932 client loop exit
